<?xml version="1.0" encoding="UTF-8"?>
<testsuite name="com.alex.camelroutespy.CamelRouteSpyApplicationTests" tests="1" skipped="0" failures="0" errors="0" timestamp="2017-10-27T01:10:35" hostname="alex-kubuntu" time="0.031">
  <properties/>
  <testcase name="contextLoads" classname="com.alex.camelroutespy.CamelRouteSpyApplicationTests" time="0.031"/>
  <system-out><![CDATA[23:10:28.959 [Test worker] DEBUG org.springframework.test.context.junit4.SpringJUnit4ClassRunner - SpringJUnit4ClassRunner constructor called with [class com.alex.camelroutespy.CamelRouteSpyApplicationTests]
23:10:28.975 [Test worker] DEBUG org.springframework.test.context.BootstrapUtils - Instantiating CacheAwareContextLoaderDelegate from class [org.springframework.test.context.cache.DefaultCacheAwareContextLoaderDelegate]
23:10:28.984 [Test worker] DEBUG org.springframework.test.context.BootstrapUtils - Instantiating BootstrapContext using constructor [public org.springframework.test.context.support.DefaultBootstrapContext(java.lang.Class,org.springframework.test.context.CacheAwareContextLoaderDelegate)]
23:10:29.001 [Test worker] DEBUG org.springframework.test.context.BootstrapUtils - Instantiating TestContextBootstrapper for test class [com.alex.camelroutespy.CamelRouteSpyApplicationTests] from class [org.springframework.boot.test.context.SpringBootTestContextBootstrapper]
23:10:29.016 [Test worker] INFO org.springframework.boot.test.context.SpringBootTestContextBootstrapper - Neither @ContextConfiguration nor @ContextHierarchy found for test class [com.alex.camelroutespy.CamelRouteSpyApplicationTests], using SpringBootContextLoader
23:10:29.021 [Test worker] DEBUG org.springframework.test.context.support.AbstractContextLoader - Did not detect default resource location for test class [com.alex.camelroutespy.CamelRouteSpyApplicationTests]: class path resource [com/alex/camelroutespy/CamelRouteSpyApplicationTests-context.xml] does not exist
23:10:29.022 [Test worker] DEBUG org.springframework.test.context.support.AbstractContextLoader - Did not detect default resource location for test class [com.alex.camelroutespy.CamelRouteSpyApplicationTests]: class path resource [com/alex/camelroutespy/CamelRouteSpyApplicationTestsContext.groovy] does not exist
23:10:29.022 [Test worker] INFO org.springframework.test.context.support.AbstractContextLoader - Could not detect default resource locations for test class [com.alex.camelroutespy.CamelRouteSpyApplicationTests]: no resource found for suffixes {-context.xml, Context.groovy}.
23:10:29.023 [Test worker] INFO org.springframework.test.context.support.AnnotationConfigContextLoaderUtils - Could not detect default configuration classes for test class [com.alex.camelroutespy.CamelRouteSpyApplicationTests]: CamelRouteSpyApplicationTests does not declare any static, non-private, non-final, nested classes annotated with @Configuration.
23:10:29.073 [Test worker] DEBUG org.springframework.test.context.support.ActiveProfilesUtils - Could not find an 'annotation declaring class' for annotation type [org.springframework.test.context.ActiveProfiles] and class [com.alex.camelroutespy.CamelRouteSpyApplicationTests]
23:10:29.085 [Test worker] DEBUG org.springframework.core.env.StandardEnvironment - Adding PropertySource 'systemProperties' with lowest search precedence
23:10:29.087 [Test worker] DEBUG org.springframework.core.env.StandardEnvironment - Adding PropertySource 'systemEnvironment' with lowest search precedence
23:10:29.089 [Test worker] DEBUG org.springframework.core.env.StandardEnvironment - Initialized StandardEnvironment with PropertySources [MapPropertySource@1631095421 {name='systemProperties', properties={java.runtime.name=OpenJDK Runtime Environment, sun.boot.library.path=/home/alex/.sdkman/candidates/java/8u131-zulu/jre/lib/amd64, java.vm.version=25.131-b11, java.vm.vendor=Azul Systems, Inc., java.vendor.url=http://www.azulsystems.com/, path.separator=:, java.vm.name=OpenJDK 64-Bit Server VM, file.encoding.pkg=sun.io, sun.java.launcher=SUN_STANDARD, user.country=US, sun.os.patch.level=unknown, java.vm.specification.name=Java Virtual Machine Specification, user.dir=/home/alex/Development/camel-route-spy, java.runtime.version=1.8.0_131-b11, java.awt.graphicsenv=sun.awt.X11GraphicsEnvironment, java.endorsed.dirs=/home/alex/.sdkman/candidates/java/8u131-zulu/jre/lib/endorsed, os.arch=amd64, java.io.tmpdir=/tmp, line.separator=
, java.vm.specification.vendor=Oracle Corporation, user.variant=, os.name=Linux, sun.jnu.encoding=UTF-8, java.library.path=:/home/alex/Development/instantclient_12_1:/usr/java/packages/lib/amd64:/usr/lib64:/lib64:/lib:/usr/lib, java.specification.name=Java Platform API Specification, java.class.version=52.0, org.gradle.native=false, sun.management.compiler=HotSpot 64-Bit Tiered Compilers, os.version=4.4.0-97-generic, user.home=/home/alex, user.timezone=America/Sao_Paulo, java.awt.printerjob=sun.print.PSPrinterJob, file.encoding=UTF-8, java.specification.version=1.8, java.class.path=/home/alex/Development/camel-route-spy/build/classes/java/test:/home/alex/Development/camel-route-spy/build/resources/test:/home/alex/Development/camel-route-spy/build/classes/java/main:/home/alex/Development/camel-route-spy/build/resources/main:/home/alex/.gradle/caches/modules-2/files-2.1/org.apache.camel/camel-spring-boot-starter/2.20.0/c28af8b79d6eae9beddf24d54132263cce0c4118/camel-spring-boot-starter-2.20.0.jar:/home/alex/.gradle/caches/modules-2/files-2.1/org.springframework.boot/spring-boot-starter-jersey/1.5.8.RELEASE/a02325b0750bff113e6fe1919080e31ca8c486b0/spring-boot-starter-jersey-1.5.8.RELEASE.jar:/home/alex/.gradle/caches/modules-2/files-2.1/org.springframework.boot/spring-boot-starter-web/1.5.8.RELEASE/7e0dc79e3b47be4539ad3c033639133ae6b7a17e/spring-boot-starter-web-1.5.8.RELEASE.jar:/home/alex/.gradle/caches/modules-2/files-2.1/org.springframework.boot/spring-boot-starter-test/1.5.8.RELEASE/20b767f594924b32950286f1236ab7d68ff861f9/spring-boot-starter-test-1.5.8.RELEASE.jar:/home/alex/.gradle/caches/modules-2/files-2.1/org.apache.camel/camel-core-starter/2.20.0/321a99785b7b5f7dd98c853869206e0cadb0a593/camel-core-starter-2.20.0.jar:/home/alex/.gradle/caches/modules-2/files-2.1/org.springframework.boot/spring-boot-starter-validation/1.5.8.RELEASE/69aade16cb32a9438375bbdea975a4bc9cfd5048/spring-boot-starter-validation-1.5.8.RELEASE.jar:/home/alex/.gradle/caches/modules-2/files-2.1/org.springframework.boot/spring-boot-starter/1.5.8.RELEASE/18048efe1f06569022a53cc3fb2fe9c0162935a3/spring-boot-starter-1.5.8.RELEASE.jar:/home/alex/.gradle/caches/modules-2/files-2.1/org.apache.camel/camel-spring-boot/2.20.0/8b8d9c9ad42428a1c28069b13bb9aa5ce88d8b7b/camel-spring-boot-2.20.0.jar:/home/alex/.gradle/caches/modules-2/files-2.1/org.springframework.boot/spring-boot-starter-tomcat/1.5.8.RELEASE/cf3b7eb7e192a60ab1dd09e4f8bce82710a5feb0/spring-boot-starter-tomcat-1.5.8.RELEASE.jar:/home/alex/.gradle/caches/modules-2/files-2.1/org.glassfish.jersey.media/jersey-media-json-jackson/2.25.1/19d1e4276eb7b6386640c344d9e5c01eba7eae5d/jersey-media-json-jackson-2.25.1.jar:/home/alex/.gradle/caches/modules-2/files-2.1/com.fasterxml.jackson.jaxrs/jackson-jaxrs-json-provider/2.8.10/f8837cf03871569eb02a491dea64929e5da14b4/jackson-jaxrs-json-provider-2.8.10.jar:/home/alex/.gradle/caches/modules-2/files-2.1/com.fasterxml.jackson.jaxrs/jackson-jaxrs-base/2.8.10/50a3d02a31cb427272a96fe696b5ac9442c7cfa1/jackson-jaxrs-base-2.8.10.jar:/home/alex/.gradle/caches/modules-2/files-2.1/com.fasterxml.jackson.module/jackson-module-jaxb-annotations/2.8.10/22df8efd0cff7661bf136148c73e2651748f7600/jackson-module-jaxb-annotations-2.8.10.jar:/home/alex/.gradle/caches/modules-2/files-2.1/com.fasterxml.jackson.core/jackson-databind/2.8.10/f7b83cb2bc4b88d53961e749e1ad32f49ef017b7/jackson-databind-2.8.10.jar:/home/alex/.gradle/caches/modules-2/files-2.1/org.glassfish.jersey.ext/jersey-spring3/2.25.1/a31bfcd2fcae5beb979d3f41079b6f4020d6fbc9/jersey-spring3-2.25.1.jar:/home/alex/.gradle/caches/modules-2/files-2.1/org.springframework/spring-webmvc/4.3.12.RELEASE/986e5dcd4435e780f6be64f8185eaa51523cf851/spring-webmvc-4.3.12.RELEASE.jar:/home/alex/.gradle/caches/modules-2/files-2.1/org.springframework/spring-web/4.3.12.RELEASE/86c29588cca74d0fc848b194cb13fcdfd12bc990/spring-web-4.3.12.RELEASE.jar:/home/alex/.gradle/caches/modules-2/files-2.1/org.glassfish.jersey.containers/jersey-container-servlet/2.25.1/cf5f7a76fcea38158b890ab7a0142d4db709a882/jersey-container-servlet-2.25.1.jar:/home/alex/.gradle/caches/modules-2/files-2.1/org.glassfish.jersey.containers/jersey-container-servlet-core/2.25.1/400e30bb035a0cdf3c554530224141ce659a0d1e/jersey-container-servlet-core-2.25.1.jar:/home/alex/.gradle/caches/modules-2/files-2.1/org.glassfish.jersey.ext/jersey-bean-validation/2.25.1/1971927d79cad0ad2b5a3bfda24967748a2023d/jersey-bean-validation-2.25.1.jar:/home/alex/.gradle/caches/modules-2/files-2.1/org.glassfish.jersey.core/jersey-server/2.25.1/276e2ee0fd1cdabf99357fce560c5baab675b1a2/jersey-server-2.25.1.jar:/home/alex/.gradle/caches/modules-2/files-2.1/org.glassfish.hk2/hk2/2.5.0-b32/c3accae585955e49c771d464899e906ecc9ffb4/hk2-2.5.0-b32.jar:/home/alex/.gradle/caches/modules-2/files-2.1/org.glassfish.hk2/config-types/2.5.0-b32/686bbe7f80b1b879d64c06bc6606c97721a795f2/config-types-2.5.0-b32.jar:/home/alex/.gradle/caches/modules-2/files-2.1/org.glassfish.hk2/hk2-config/2.5.0-b32/dce05ac4225dbc0c1c382ad02e3b5bee51f0168a/hk2-config-2.5.0-b32.jar:/home/alex/.gradle/caches/modules-2/files-2.1/org.hibernate/hibernate-validator/5.3.5.Final/622a9bcef2eed6d41b5b8e0662c36212009e375/hibernate-validator-5.3.5.Final.jar:/home/alex/.gradle/caches/modules-2/files-2.1/org.springframework.boot/spring-boot-test-autoconfigure/1.5.8.RELEASE/a8f986cc4b6ecef1417fe50c20984f12f54d15cc/spring-boot-test-autoconfigure-1.5.8.RELEASE.jar:/home/alex/.gradle/caches/modules-2/files-2.1/org.springframework.boot/spring-boot-test/1.5.8.RELEASE/17dedee86d1a9e9bd409d715fd90650ca1049659/spring-boot-test-1.5.8.RELEASE.jar:/home/alex/.gradle/caches/modules-2/files-2.1/com.jayway.jsonpath/json-path/2.2.0/22290d17944bd239fabf5ac69005a60a7ecbbbcb/json-path-2.2.0.jar:/home/alex/.gradle/caches/modules-2/files-2.1/junit/junit/4.12/2973d150c0dc1fefe998f834810d68f278ea58ec/junit-4.12.jar:/home/alex/.gradle/caches/modules-2/files-2.1/org.assertj/assertj-core/2.6.0/b532c3fc4f66bcfee4989a3514f1cd56203a33ad/assertj-core-2.6.0.jar:/home/alex/.gradle/caches/modules-2/files-2.1/org.mockito/mockito-core/1.10.19/e8546f5bef4e061d8dd73895b4e8f40e3fe6effe/mockito-core-1.10.19.jar:/home/alex/.gradle/caches/modules-2/files-2.1/org.hamcrest/hamcrest-library/1.3/4785a3c21320980282f9f33d0d1264a69040538f/hamcrest-library-1.3.jar:/home/alex/.gradle/caches/modules-2/files-2.1/org.hamcrest/hamcrest-core/1.3/42a25dc3219429f0e5d060061f71acb49bf010a0/hamcrest-core-1.3.jar:/home/alex/.gradle/caches/modules-2/files-2.1/org.skyscreamer/jsonassert/1.4.0/9cdbb373a06f6513e51e8c545ee6a5e981463edb/jsonassert-1.4.0.jar:/home/alex/.gradle/caches/modules-2/files-2.1/org.springframework/spring-test/4.3.12.RELEASE/825a7ac1014528db722a6cc94cceaef2410cb314/spring-test-4.3.12.RELEASE.jar:/home/alex/.gradle/caches/modules-2/files-2.1/org.springframework.boot/spring-boot-autoconfigure/1.5.8.RELEASE/e4f2efa4c319f4e3613d94fbccfdb5ccda6873e3/spring-boot-autoconfigure-1.5.8.RELEASE.jar:/home/alex/.gradle/caches/modules-2/files-2.1/org.springframework.boot/spring-boot/1.5.8.RELEASE/748ebde51761e12627ad23d064024f342b18f9b4/spring-boot-1.5.8.RELEASE.jar:/home/alex/.gradle/caches/modules-2/files-2.1/org.apache.camel/camel-spring/2.20.0/3a77165de80e3e535263a2a7dcbfd5248a289c3a/camel-spring-2.20.0.jar:/home/alex/.gradle/caches/modules-2/files-2.1/org.glassfish.hk2/spring-bridge/2.5.0-b32/f38ecef23edc769942a95c062efd63541044de42/spring-bridge-2.5.0-b32.jar:/home/alex/.gradle/caches/modules-2/files-2.1/org.springframework/spring-context/4.3.12.RELEASE/5e6d26f36636f36b7efec1d6a0c5991284fbd95b/spring-context-4.3.12.RELEASE.jar:/home/alex/.gradle/caches/modules-2/files-2.1/org.springframework/spring-expression/4.3.12.RELEASE/790f69f6ad7f9da8d4a92c603ad7244c398c8309/spring-expression-4.3.12.RELEASE.jar:/home/alex/.gradle/caches/modules-2/files-2.1/org.springframework/spring-tx/4.3.12.RELEASE/7147b6839b2bf9db3621b79c73b4dddbe69572b6/spring-tx-4.3.12.RELEASE.jar:/home/alex/.gradle/caches/modules-2/files-2.1/org.springframework/spring-aop/4.3.12.RELEASE/b3fef085902993c2ef874c45c7bfd79296d5a5a4/spring-aop-4.3.12.RELEASE.jar:/home/alex/.gradle/caches/modules-2/files-2.1/org.springframework/spring-beans/4.3.12.RELEASE/547dd432d47d0f01d9ccbedc4b705f9f7c1240a/spring-beans-4.3.12.RELEASE.jar:/home/alex/.gradle/caches/modules-2/files-2.1/org.springframework/spring-core/4.3.12.RELEASE/4cebc69478c6d350dbd5af28e3db7d5694f416e3/spring-core-4.3.12.RELEASE.jar:/home/alex/.gradle/caches/modules-2/files-2.1/org.springframework.boot/spring-boot-starter-logging/1.5.8.RELEASE/ebc00a0e46753d90431fdcc5e3d6b9fd3bf1564a/spring-boot-starter-logging-1.5.8.RELEASE.jar:/home/alex/.gradle/caches/modules-2/files-2.1/org.yaml/snakeyaml/1.17/7a27ea250c5130b2922b86dea63cbb1cc10a660c/snakeyaml-1.17.jar:/home/alex/.gradle/caches/modules-2/files-2.1/org.apache.camel/camel-core/2.20.0/c2c32396575550722d37fbccee73a06dbad1d6f6/camel-core-2.20.0.jar:/home/alex/.gradle/caches/modules-2/files-2.1/org.apache.tomcat.embed/tomcat-embed-websocket/8.5.23/52f07abcae10dc7e1764304b0877def175c2c833/tomcat-embed-websocket-8.5.23.jar:/home/alex/.gradle/caches/modules-2/files-2.1/org.apache.tomcat.embed/tomcat-embed-core/8.5.23/79261793a47f507890ee08f749b9d81774e4f7f0/tomcat-embed-core-8.5.23.jar:/home/alex/.gradle/caches/modules-2/files-2.1/org.apache.tomcat.embed/tomcat-embed-el/8.5.23/98d979cde444dffa6d434c8377d0123b2dfa614c/tomcat-embed-el-8.5.23.jar:/home/alex/.gradle/caches/modules-2/files-2.1/com.fasterxml.jackson.core/jackson-annotations/2.8.0/45b426f7796b741035581a176744d91090e2e6fb/jackson-annotations-2.8.0.jar:/home/alex/.gradle/caches/modules-2/files-2.1/com.fasterxml.jackson.core/jackson-core/2.8.10/eb21a035c66ad307e66ec8fce37f5d50fd62d039/jackson-core-2.8.10.jar:/home/alex/.gradle/caches/modules-2/files-2.1/org.glassfish.jersey.core/jersey-client/2.25.1/4d563b1f93352ee9fad597e9e1daf2c6159993c6/jersey-client-2.25.1.jar:/home/alex/.gradle/caches/modules-2/files-2.1/org.glassfish.jersey.media/jersey-media-jaxb/2.25.1/d7da0beeed5614a3bfd882662faec602699e24b/jersey-media-jaxb-2.25.1.jar:/home/alex/.gradle/caches/modules-2/files-2.1/org.glassfish.jersey.core/jersey-common/2.25.1/2438ce68d4907046095ab54aa83a6092951b4bbb/jersey-common-2.25.1.jar:/home/alex/.gradle/caches/modules-2/files-2.1/org.glassfish.jersey.ext/jersey-entity-filtering/2.25.1/4a5805060f796ec2c9bb1ba0ce91c1db6d889524/jersey-entity-filtering-2.25.1.jar:/home/alex/.gradle/caches/modules-2/files-2.1/javax.ws.rs/javax.ws.rs-api/2.0.1/104e9c2b5583cfcfeac0402316221648d6d8ea6b/javax.ws.rs-api-2.0.1.jar:/home/alex/.gradle/caches/modules-2/files-2.1/javax.annotation/javax.annotation-api/1.2/479c1e06db31c432330183f5cae684163f186146/javax.annotation-api-1.2.jar:/home/alex/.gradle/caches/modules-2/files-2.1/org.glassfish.hk2/hk2-core/2.5.0-b32/8cb6a8a9522ec523b7740d29f555bdbe9d936af2/hk2-core-2.5.0-b32.jar:/home/alex/.gradle/caches/modules-2/files-2.1/org.glassfish.hk2/hk2-runlevel/2.5.0-b32/60dc979763ea885e796cba4d3e322af8d500ba74/hk2-runlevel-2.5.0-b32.jar:/home/alex/.gradle/caches/modules-2/files-2.1/org.glassfish.hk2/hk2-locator/2.5.0-b32/195474f8ad0a8d130e9ea949a771bcf1215fc33b/hk2-locator-2.5.0-b32.jar:/home/alex/.gradle/caches/modules-2/files-2.1/org.glassfish.hk2/hk2-api/2.5.0-b32/6a576c9653832ce610b80a2f389374ef19d96171/hk2-api-2.5.0-b32.jar:/home/alex/.gradle/caches/modules-2/files-2.1/org.glassfish.hk2.external/javax.inject/2.5.0-b32/b2fa50c8186a38728c35fe6a9da57ce4cc806923/javax.inject-2.5.0-b32.jar:/home/alex/.gradle/caches/modules-2/files-2.1/javax.validation/validation-api/1.1.0.Final/8613ae82954779d518631e05daa73a6a954817d5/validation-api-1.1.0.Final.jar:/home/alex/.gradle/caches/modules-2/files-2.1/org.jboss.logging/jboss-logging/3.3.1.Final/c46217ab74b532568c0ed31dc599db3048bd1b67/jboss-logging-3.3.1.Final.jar:/home/alex/.gradle/caches/modules-2/files-2.1/com.fasterxml/classmate/1.3.4/3d5f48f10bbe4eb7bd862f10c0583be2e0053c6/classmate-1.3.4.jar:/home/alex/.gradle/caches/modules-2/files-2.1/net.minidev/json-smart/2.2.1/5b9e5df7a62d1279b70dc882b041d249c4f0b002/json-smart-2.2.1.jar:/home/alex/.gradle/caches/modules-2/files-2.1/ch.qos.logback/logback-classic/1.1.11/ccedfbacef4a6515d2983e3f89ed753d5d4fb665/logback-classic-1.1.11.jar:/home/alex/.gradle/caches/modules-2/files-2.1/org.slf4j/jcl-over-slf4j/1.7.25/f8c32b13ff142a513eeb5b6330b1588dcb2c0461/jcl-over-slf4j-1.7.25.jar:/home/alex/.gradle/caches/modules-2/files-2.1/org.slf4j/jul-to-slf4j/1.7.25/af5364cd6679bfffb114f0dec8a157aaa283b76/jul-to-slf4j-1.7.25.jar:/home/alex/.gradle/caches/modules-2/files-2.1/org.slf4j/log4j-over-slf4j/1.7.25/a87bb47468f47ee7aabbd54f93e133d4215769c3/log4j-over-slf4j-1.7.25.jar:/home/alex/.gradle/caches/modules-2/files-2.1/org.slf4j/slf4j-api/1.7.25/da76ca59f6a57ee3102f8f9bd9cee742973efa8a/slf4j-api-1.7.25.jar:/home/alex/.gradle/caches/modules-2/files-2.1/org.objenesis/objenesis/2.1/87c0ea803b69252868d09308b4618f766f135a96/objenesis-2.1.jar:/home/alex/.gradle/caches/modules-2/files-2.1/com.vaadin.external.google/android-json/0.0.20131108.vaadin1/fa26d351fe62a6a17f5cda1287c1c6110dec413f/android-json-0.0.20131108.vaadin1.jar:/home/alex/.gradle/caches/modules-2/files-2.1/com.sun.xml.bind/jaxb-core/2.2.11/c3f87d654f8d5943cd08592f3f758856544d279a/jaxb-core-2.2.11.jar:/home/alex/.gradle/caches/modules-2/files-2.1/com.sun.xml.bind/jaxb-impl/2.2.11/a49ce57aee680f9435f49ba6ef427d38c93247a6/jaxb-impl-2.2.11.jar:/home/alex/.gradle/caches/modules-2/files-2.1/org.apache.tomcat/tomcat-annotations-api/8.5.23/aaf17df9fe0240e9e9d5375d24d5f177174b73d9/tomcat-annotations-api-8.5.23.jar:/home/alex/.gradle/caches/modules-2/files-2.1/org.glassfish.jersey.bundles.repackaged/jersey-guava/2.25.1/a2bb4f8208e134cf2cf71dfb8824e42942f7bd06/jersey-guava-2.25.1.jar:/home/alex/.gradle/caches/modules-2/files-2.1/org.glassfish.hk2/osgi-resource-locator/1.0.1/4ed2b2d4738aed5786cfa64cba5a332779c4c708/osgi-resource-locator-1.0.1.jar:/home/alex/.gradle/caches/modules-2/files-2.1/org.glassfish.hk2/hk2-utils/2.5.0-b32/5108a926988c4ceda7f1e681dddfe3101454a002/hk2-utils-2.5.0-b32.jar:/home/alex/.gradle/caches/modules-2/files-2.1/org.glassfish.hk2.external/aopalliance-repackaged/2.5.0-b32/6af37c3f8ec6f9e9653ec837eb508da28ce443cd/aopalliance-repackaged-2.5.0-b32.jar:/home/alex/.gradle/caches/modules-2/files-2.1/org.javassist/javassist/3.21.0-GA/598244f595db5c5fb713731eddbb1c91a58d959b/javassist-3.21.0-GA.jar:/home/alex/.gradle/caches/modules-2/files-2.1/org.glassfish.hk2/class-model/2.5.0-b32/17f054f3e91898c0c0fc52163ad904b13c24e8b/class-model-2.5.0-b32.jar:/home/alex/.gradle/caches/modules-2/files-2.1/net.minidev/accessors-smart/1.1/a527213f2fea112a04c9bdf0ec0264e34104cd08/accessors-smart-1.1.jar:/home/alex/.gradle/caches/modules-2/files-2.1/ch.qos.logback/logback-core/1.1.11/88b8df40340eed549fb07e2613879bf6b006704d/logback-core-1.1.11.jar:/home/alex/.gradle/caches/modules-2/files-2.1/org.glassfish.hk2.external/asm-all-repackaged/2.5.0-b32/dc705f1d54cd5a96cbc5a473525e75ef1cb59a9e/asm-all-repackaged-2.5.0-b32.jar:/home/alex/.gradle/caches/modules-2/files-2.1/org.ow2.asm/asm/5.0.3/dcc2193db20e19e1feca8b1240dbbc4e190824fa/asm-5.0.3.jar, user.name=alex, java.vm.specification.version=1.8, sun.java.command=worker.org.gradle.process.internal.worker.GradleWorkerMain 'Gradle Test Executor 1', java.home=/home/alex/.sdkman/candidates/java/8u131-zulu/jre, sun.arch.data.model=64, user.language=en, java.specification.vendor=Oracle Corporation, awt.toolkit=sun.awt.X11.XToolkit, java.vm.info=mixed mode, java.version=1.8.0_131, java.ext.dirs=/home/alex/.sdkman/candidates/java/8u131-zulu/jre/lib/ext:/usr/java/packages/lib/ext, sun.boot.class.path=/home/alex/.sdkman/candidates/java/8u131-zulu/jre/lib/resources.jar:/home/alex/.sdkman/candidates/java/8u131-zulu/jre/lib/rt.jar:/home/alex/.sdkman/candidates/java/8u131-zulu/jre/lib/sunrsasign.jar:/home/alex/.sdkman/candidates/java/8u131-zulu/jre/lib/jsse.jar:/home/alex/.sdkman/candidates/java/8u131-zulu/jre/lib/jce.jar:/home/alex/.sdkman/candidates/java/8u131-zulu/jre/lib/charsets.jar:/home/alex/.sdkman/candidates/java/8u131-zulu/jre/lib/jfr.jar:/home/alex/.sdkman/candidates/java/8u131-zulu/jre/classes, java.vendor=Azul Systems, Inc., org.gradle.test.worker=1, file.separator=/, java.vendor.url.bug=http://www.azulsystems.com/support/, sun.io.unicode.encoding=UnicodeLittle, sun.cpu.endian=little, sun.cpu.isalist=}}, SystemEnvironmentPropertySource@66429739 {name='systemEnvironment', properties={PATH=/usr/local/heroku/bin:/home/alex/.nvm/versions/node/v8.2.1/bin:/home/alex/.sdkman/candidates/java/current/bin:/home/alex/.sdkman/candidates/groovy/current/bin:/home/alex/.sdkman/candidates/gradle/current/bin:/home/alex/.basher/cellar/bin:/home/alex/.basher/bin:/home/alex/.rvm/gems/ruby-2.3.0/bin:/home/alex/.rvm/gems/ruby-2.3.0@global/bin:/home/alex/.rvm/rubies/ruby-2.3.0/bin:/home/alex/.rvm/gems/ruby-2.3.0/bin:/home/alex/.rvm/gems/ruby-2.3.0@global/bin:/home/alex/.rvm/rubies/ruby-2.3.0/bin:/usr/local/heroku/bin:/usr/local/sbin:/usr/local/bin:/usr/sbin:/usr/bin:/sbin:/bin:/usr/games:/usr/local/games:/home/alex/Development/activator-dist-1.3.7:$GRADLE_HOME/bin:/home/alex/.rvm/bin:/home/alex/.rvm/bin, IRBRC=/home/alex/.rvm/rubies/ruby-2.3.0/.irbrc, rvm_silent_flag=, SDKMAN_VERSION=5.5.1+179, rvm_quiet_flag=, DBUS_SESSION_BUS_ADDRESS=unix:abstract=/tmp/dbus-X1Rk59V9hr,guid=09a737dd7c41299bc04d4e8459f2733e, DEFAULTS_PATH=/usr/share/gconf//usr/share/xsessions/i3.default.path, AUTOJUMP_SOURCED=1, SSH_AGENT_PID=2171, COLORTERM=rxvt-xpm, LD_LIBRARY_PATH=:/home/alex/Development/instantclient_12_1, rvm_ruby_make_install=, rvm_niceness=, LC_PAPER=pt_BR.UTF-8, SDKMAN_DIR=/home/alex/.sdkman, rvm_version=1.27.0 (latest), PWD=/home/alex/Development/camel-route-spy, WINDOWID=39845898, NVM_CD_FLAGS=-q, PAGER=less, rvm_hook=, rvm_wrapper_name=, MY_RUBY_HOME=/home/alex/.rvm/rubies/ruby-2.3.0, rvm_nightly_flag=, ZSH=/home/alex/.antigen/repos/https-COLON--SLASH--SLASH-github.com-SLASH-robbyrussell-SLASH-oh-my-zsh.git, rvm_path=/home/alex/.rvm, LC_CTYPE=en_US.UTF-8, SHLVL=2, JAVA_HOME=/home/alex/.sdkman/candidates/java/current, TERM=rxvt-unicode-256color, XDG_CONFIG_DIRS=/etc/xdg/xdg-/usr/share/xsessions/i3:/etc/xdg:/usr/share/kubuntu-default-settings/kf5-settings, XDG_SEAT_PATH=/org/freedesktop/DisplayManager/Seat0, XDG_SESSION_ID=2, UPDATE_ZSH_DAYS=13, GRADLE_HOME=/home/alex/.sdkman/candidates/gradle/current, rvm_script_name=, GROOVY_HOME=/home/alex/.sdkman/candidates/groovy/current, rvm_ruby_make=, rvm_docs_type=, ANTIGEN_DEFAULT_REPO_URL=https://github.com/robbyrussell/oh-my-zsh.git, LC_NAME=pt_BR.UTF-8, XDG_SESSION_CLASS=user, _=/home/alex/.sdkman/candidates/gradle/current/bin/gradle, ZSH_CACHE_DIR=/home/alex/.antigen/repos/https-COLON--SLASH--SLASH-github.com-SLASH-robbyrussell-SLASH-oh-my-zsh.git/cache/, DESKTOP_SESSION=/usr/share/xsessions/i3, DESKTOP_STARTUP_ID=i3/~|.config|i3|shell/2060-4-alex-kubuntu_TIME2787474, QT_ACCESSIBILITY=1, rvm_ruby_bits=, rvm_alias_expanded=, GEM_PATH=/home/alex/.rvm/gems/ruby-2.3.0:/home/alex/.rvm/gems/ruby-2.3.0@global, NLSPATH=/usr/dt/lib/nls/msg/%L/%N.cat, NVM_BIN=/home/alex/.nvm/versions/node/v8.2.1/bin, LC_MEASUREMENT=pt_BR.UTF-8, XAUTHORITY=/home/alex/.Xauthority, LC_TELEPHONE=pt_BR.UTF-8, XDG_DATA_DIRS=/usr/share//usr/share/xsessions/i3:/usr/local/share/:/usr/share/:/var/lib/snapd/desktop, MANDATORY_PATH=/usr/share/gconf//usr/share/xsessions/i3.mandatory.path, LC_TIME=pt_BR.UTF-8, rvm_bin_flag=, XDG_CURRENT_DESKTOP=i3, rvm_ruby_mode=, QT_LINUX_ACCESSIBILITY_ALWAYS_ON=1, LOGNAME=alex, KEYTIMEOUT=1, PAM_KWALLET5_LOGIN=/tmp/kwallet5_alex.socket, BASHER_ROOT=/home/alex/.basher, rvm_proxy=, SHELL=/usr/bin/zsh, LC_ADDRESS=pt_BR.UTF-8, rvm_sdk=, OLDPWD=/home/alex/.sdkman/candidates/gradle/current, GEM_HOME=/home/alex/.rvm/gems/ruby-2.3.0, rvm_use_flag=, RUBY_VERSION=ruby-2.3.0, _system_name=Ubuntu, XDG_SESSION_PATH=/org/freedesktop/DisplayManager/Session1, LESS=-R, COLORFGBG=11;default;8, XDG_SESSION_DESKTOP=i3, SDKMAN_CURRENT_API=https://api.sdkman.io/2, AUTOJUMP_ERROR_PATH=/home/alex/.local/share/autojump/errors.log, LC_IDENTIFICATION=pt_BR.UTF-8, rvm_gemstone_package_file=, PAM_KWALLET_LOGIN=/tmp/kwallet_alex.socket, LC_MONETARY=pt_BR.UTF-8, _system_arch=x86_64, rvm_bin_path=/home/alex/.rvm/bin, rvm_only_path_flag=, XFILESEARCHPATH=/usr/dt/app-defaults/%L/Dt, rvm_prefix=/home/alex, LANG=en_US.UTF-8, XDG_SESSION_TYPE=x11, DISPLAY=:0, rvm_gemstone_url=, ADOTDIR=/home/alex/.antigen, ORACLE_HOME=/home/alex/Development/instantclient_12_1, SDKMAN_CANDIDATES_DIR=/home/alex/.sdkman/candidates, SDKMAN_LEGACY_API=https://api.sdkman.io/1, NVM_DIR=/home/alex/.nvm, _system_type=Linux, LSCOLORS=Gxfxcxdxbxegedabagacad, GPG_AGENT_INFO=/home/alex/.gnupg/S.gpg-agent:0:1, SDKMAN_PLATFORM=Linux, _system_version=16.04, USER=alex, rvm_ruby_file=, LC_NUMERIC=pt_BR.UTF-8, SSH_AUTH_SOCK=/tmp/ssh-Cq1ux7yA9apC/agent.2060, XDG_SEAT=seat0, XDG_VTNR=7, XDG_RUNTIME_DIR=/run/user/1000, BASHER_SHELL=zsh, HOME=/home/alex}}]
23:10:29.109 [Test worker] DEBUG org.springframework.core.io.support.PathMatchingResourcePatternResolver - Resolved classpath location [com/alex/camelroutespy/] to resources [URL [file:/home/alex/Development/camel-route-spy/build/classes/java/test/com/alex/camelroutespy/], URL [file:/home/alex/Development/camel-route-spy/build/classes/java/main/com/alex/camelroutespy/]]
23:10:29.109 [Test worker] DEBUG org.springframework.core.io.support.PathMatchingResourcePatternResolver - Looking for matching resources in directory tree [/home/alex/Development/camel-route-spy/build/classes/java/test/com/alex/camelroutespy]
23:10:29.109 [Test worker] DEBUG org.springframework.core.io.support.PathMatchingResourcePatternResolver - Searching directory [/home/alex/Development/camel-route-spy/build/classes/java/test/com/alex/camelroutespy] for files matching pattern [/home/alex/Development/camel-route-spy/build/classes/java/test/com/alex/camelroutespy/*.class]
23:10:29.114 [Test worker] DEBUG org.springframework.core.io.support.PathMatchingResourcePatternResolver - Looking for matching resources in directory tree [/home/alex/Development/camel-route-spy/build/classes/java/main/com/alex/camelroutespy]
23:10:29.114 [Test worker] DEBUG org.springframework.core.io.support.PathMatchingResourcePatternResolver - Searching directory [/home/alex/Development/camel-route-spy/build/classes/java/main/com/alex/camelroutespy] for files matching pattern [/home/alex/Development/camel-route-spy/build/classes/java/main/com/alex/camelroutespy/*.class]
23:10:29.115 [Test worker] DEBUG org.springframework.core.io.support.PathMatchingResourcePatternResolver - Resolved location pattern [classpath*:com/alex/camelroutespy/*.class] to resources [file [/home/alex/Development/camel-route-spy/build/classes/java/test/com/alex/camelroutespy/CamelRouteSpyApplicationTests.class], file [/home/alex/Development/camel-route-spy/build/classes/java/main/com/alex/camelroutespy/CamelRouteSpyApplication.class]]
23:10:29.170 [Test worker] DEBUG org.springframework.context.annotation.ClassPathScanningCandidateComponentProvider - Identified candidate component class: file [/home/alex/Development/camel-route-spy/build/classes/java/main/com/alex/camelroutespy/CamelRouteSpyApplication.class]
23:10:29.171 [Test worker] INFO org.springframework.boot.test.context.SpringBootTestContextBootstrapper - Found @SpringBootConfiguration com.alex.camelroutespy.CamelRouteSpyApplication for test class com.alex.camelroutespy.CamelRouteSpyApplicationTests
23:10:29.175 [Test worker] DEBUG org.springframework.boot.test.context.SpringBootTestContextBootstrapper - @TestExecutionListeners is not present for class [com.alex.camelroutespy.CamelRouteSpyApplicationTests]: using defaults.
23:10:29.180 [Test worker] INFO org.springframework.boot.test.context.SpringBootTestContextBootstrapper - Loaded default TestExecutionListener class names from location [META-INF/spring.factories]: [org.springframework.boot.test.autoconfigure.restdocs.RestDocsTestExecutionListener, org.springframework.boot.test.autoconfigure.web.client.MockRestServiceServerResetTestExecutionListener, org.springframework.boot.test.autoconfigure.web.servlet.MockMvcPrintOnlyOnFailureTestExecutionListener, org.springframework.boot.test.autoconfigure.web.servlet.WebDriverTestExecutionListener, org.springframework.boot.test.mock.mockito.MockitoTestExecutionListener, org.springframework.boot.test.mock.mockito.ResetMocksTestExecutionListener, org.springframework.test.context.web.ServletTestExecutionListener, org.springframework.test.context.support.DirtiesContextBeforeModesTestExecutionListener, org.springframework.test.context.support.DependencyInjectionTestExecutionListener, org.springframework.test.context.support.DirtiesContextTestExecutionListener, org.springframework.test.context.transaction.TransactionalTestExecutionListener, org.springframework.test.context.jdbc.SqlScriptsTestExecutionListener]
23:10:29.203 [Test worker] INFO org.springframework.boot.test.context.SpringBootTestContextBootstrapper - Using TestExecutionListeners: [org.springframework.test.context.web.ServletTestExecutionListener@49b3e82e, org.springframework.test.context.support.DirtiesContextBeforeModesTestExecutionListener@786b52db, org.springframework.boot.test.autoconfigure.SpringBootDependencyInjectionTestExecutionListener@56200e38, org.springframework.test.context.support.DirtiesContextTestExecutionListener@2fcff83d, org.springframework.test.context.transaction.TransactionalTestExecutionListener@79eb9772, org.springframework.test.context.jdbc.SqlScriptsTestExecutionListener@5b34ff1e, org.springframework.boot.test.autoconfigure.web.servlet.WebDriverTestExecutionListener@d337b8e, org.springframework.boot.test.autoconfigure.restdocs.RestDocsTestExecutionListener@5d6d7405, org.springframework.boot.test.mock.mockito.MockitoTestExecutionListener@789838dd, org.springframework.boot.test.autoconfigure.web.servlet.MockMvcPrintOnlyOnFailureTestExecutionListener@428f4df, org.springframework.boot.test.autoconfigure.web.client.MockRestServiceServerResetTestExecutionListener@12d110df, org.springframework.boot.test.mock.mockito.ResetMocksTestExecutionListener@24aa83dc]
23:10:29.206 [Test worker] DEBUG org.springframework.test.annotation.ProfileValueUtils - Retrieved @ProfileValueSourceConfiguration [null] for test class [com.alex.camelroutespy.CamelRouteSpyApplicationTests]
23:10:29.206 [Test worker] DEBUG org.springframework.test.annotation.ProfileValueUtils - Retrieved ProfileValueSource type [class org.springframework.test.annotation.SystemProfileValueSource] for class [com.alex.camelroutespy.CamelRouteSpyApplicationTests]
23:10:29.207 [Test worker] DEBUG org.springframework.test.annotation.ProfileValueUtils - Retrieved @ProfileValueSourceConfiguration [null] for test class [com.alex.camelroutespy.CamelRouteSpyApplicationTests]
23:10:29.208 [Test worker] DEBUG org.springframework.test.annotation.ProfileValueUtils - Retrieved ProfileValueSource type [class org.springframework.test.annotation.SystemProfileValueSource] for class [com.alex.camelroutespy.CamelRouteSpyApplicationTests]
23:10:29.212 [Test worker] DEBUG org.springframework.test.context.support.AbstractDirtiesContextTestExecutionListener - Before test class: context [DefaultTestContext@79536275 testClass = CamelRouteSpyApplicationTests, testInstance = [null], testMethod = [null], testException = [null], mergedContextConfiguration = [WebMergedContextConfiguration@43abd712 testClass = CamelRouteSpyApplicationTests, locations = '{}', classes = '{class com.alex.camelroutespy.CamelRouteSpyApplication}', contextInitializerClasses = '[]', activeProfiles = '{}', propertySourceLocations = '{}', propertySourceProperties = '{org.springframework.boot.test.context.SpringBootTestContextBootstrapper=true}', contextCustomizers = set[org.springframework.boot.test.autoconfigure.properties.PropertyMappingContextCustomizer@0, org.springframework.boot.test.autoconfigure.web.servlet.WebDriverContextCustomizerFactory$Customizer@340b830d, org.springframework.boot.test.context.SpringBootTestContextCustomizer@3a0798af, org.springframework.boot.test.context.filter.ExcludeFilterContextCustomizer@178f45b3, org.springframework.boot.test.json.DuplicateJsonObjectContextCustomizerFactory$DuplicateJsonObjectContextCustomizer@19e7c027, org.springframework.boot.test.mock.mockito.MockitoContextCustomizer@0], resourceBasePath = 'src/main/webapp', contextLoader = 'org.springframework.boot.test.context.SpringBootContextLoader', parent = [null]]], class annotated with @DirtiesContext [false] with mode [null].
23:10:29.213 [Test worker] DEBUG org.springframework.test.annotation.ProfileValueUtils - Retrieved @ProfileValueSourceConfiguration [null] for test class [com.alex.camelroutespy.CamelRouteSpyApplicationTests]
23:10:29.214 [Test worker] DEBUG org.springframework.test.annotation.ProfileValueUtils - Retrieved ProfileValueSource type [class org.springframework.test.annotation.SystemProfileValueSource] for class [com.alex.camelroutespy.CamelRouteSpyApplicationTests]
23:10:29.287 [Test worker] DEBUG org.springframework.core.env.StandardEnvironment - Adding PropertySource 'systemProperties' with lowest search precedence
23:10:29.287 [Test worker] DEBUG org.springframework.core.env.StandardEnvironment - Adding PropertySource 'systemEnvironment' with lowest search precedence
23:10:29.288 [Test worker] DEBUG org.springframework.core.env.StandardEnvironment - Initialized StandardEnvironment with PropertySources [MapPropertySource@329718120 {name='systemProperties', properties={java.runtime.name=OpenJDK Runtime Environment, sun.boot.library.path=/home/alex/.sdkman/candidates/java/8u131-zulu/jre/lib/amd64, java.vm.version=25.131-b11, java.vm.vendor=Azul Systems, Inc., java.vendor.url=http://www.azulsystems.com/, path.separator=:, java.vm.name=OpenJDK 64-Bit Server VM, file.encoding.pkg=sun.io, sun.java.launcher=SUN_STANDARD, user.country=US, sun.os.patch.level=unknown, java.vm.specification.name=Java Virtual Machine Specification, user.dir=/home/alex/Development/camel-route-spy, java.runtime.version=1.8.0_131-b11, java.awt.graphicsenv=sun.awt.X11GraphicsEnvironment, java.endorsed.dirs=/home/alex/.sdkman/candidates/java/8u131-zulu/jre/lib/endorsed, os.arch=amd64, java.io.tmpdir=/tmp, line.separator=
, java.vm.specification.vendor=Oracle Corporation, user.variant=, os.name=Linux, sun.jnu.encoding=UTF-8, java.library.path=:/home/alex/Development/instantclient_12_1:/usr/java/packages/lib/amd64:/usr/lib64:/lib64:/lib:/usr/lib, java.specification.name=Java Platform API Specification, java.class.version=52.0, org.gradle.native=false, sun.management.compiler=HotSpot 64-Bit Tiered Compilers, os.version=4.4.0-97-generic, user.home=/home/alex, user.timezone=America/Sao_Paulo, java.awt.printerjob=sun.print.PSPrinterJob, file.encoding=UTF-8, java.specification.version=1.8, java.class.path=/home/alex/Development/camel-route-spy/build/classes/java/test:/home/alex/Development/camel-route-spy/build/resources/test:/home/alex/Development/camel-route-spy/build/classes/java/main:/home/alex/Development/camel-route-spy/build/resources/main:/home/alex/.gradle/caches/modules-2/files-2.1/org.apache.camel/camel-spring-boot-starter/2.20.0/c28af8b79d6eae9beddf24d54132263cce0c4118/camel-spring-boot-starter-2.20.0.jar:/home/alex/.gradle/caches/modules-2/files-2.1/org.springframework.boot/spring-boot-starter-jersey/1.5.8.RELEASE/a02325b0750bff113e6fe1919080e31ca8c486b0/spring-boot-starter-jersey-1.5.8.RELEASE.jar:/home/alex/.gradle/caches/modules-2/files-2.1/org.springframework.boot/spring-boot-starter-web/1.5.8.RELEASE/7e0dc79e3b47be4539ad3c033639133ae6b7a17e/spring-boot-starter-web-1.5.8.RELEASE.jar:/home/alex/.gradle/caches/modules-2/files-2.1/org.springframework.boot/spring-boot-starter-test/1.5.8.RELEASE/20b767f594924b32950286f1236ab7d68ff861f9/spring-boot-starter-test-1.5.8.RELEASE.jar:/home/alex/.gradle/caches/modules-2/files-2.1/org.apache.camel/camel-core-starter/2.20.0/321a99785b7b5f7dd98c853869206e0cadb0a593/camel-core-starter-2.20.0.jar:/home/alex/.gradle/caches/modules-2/files-2.1/org.springframework.boot/spring-boot-starter-validation/1.5.8.RELEASE/69aade16cb32a9438375bbdea975a4bc9cfd5048/spring-boot-starter-validation-1.5.8.RELEASE.jar:/home/alex/.gradle/caches/modules-2/files-2.1/org.springframework.boot/spring-boot-starter/1.5.8.RELEASE/18048efe1f06569022a53cc3fb2fe9c0162935a3/spring-boot-starter-1.5.8.RELEASE.jar:/home/alex/.gradle/caches/modules-2/files-2.1/org.apache.camel/camel-spring-boot/2.20.0/8b8d9c9ad42428a1c28069b13bb9aa5ce88d8b7b/camel-spring-boot-2.20.0.jar:/home/alex/.gradle/caches/modules-2/files-2.1/org.springframework.boot/spring-boot-starter-tomcat/1.5.8.RELEASE/cf3b7eb7e192a60ab1dd09e4f8bce82710a5feb0/spring-boot-starter-tomcat-1.5.8.RELEASE.jar:/home/alex/.gradle/caches/modules-2/files-2.1/org.glassfish.jersey.media/jersey-media-json-jackson/2.25.1/19d1e4276eb7b6386640c344d9e5c01eba7eae5d/jersey-media-json-jackson-2.25.1.jar:/home/alex/.gradle/caches/modules-2/files-2.1/com.fasterxml.jackson.jaxrs/jackson-jaxrs-json-provider/2.8.10/f8837cf03871569eb02a491dea64929e5da14b4/jackson-jaxrs-json-provider-2.8.10.jar:/home/alex/.gradle/caches/modules-2/files-2.1/com.fasterxml.jackson.jaxrs/jackson-jaxrs-base/2.8.10/50a3d02a31cb427272a96fe696b5ac9442c7cfa1/jackson-jaxrs-base-2.8.10.jar:/home/alex/.gradle/caches/modules-2/files-2.1/com.fasterxml.jackson.module/jackson-module-jaxb-annotations/2.8.10/22df8efd0cff7661bf136148c73e2651748f7600/jackson-module-jaxb-annotations-2.8.10.jar:/home/alex/.gradle/caches/modules-2/files-2.1/com.fasterxml.jackson.core/jackson-databind/2.8.10/f7b83cb2bc4b88d53961e749e1ad32f49ef017b7/jackson-databind-2.8.10.jar:/home/alex/.gradle/caches/modules-2/files-2.1/org.glassfish.jersey.ext/jersey-spring3/2.25.1/a31bfcd2fcae5beb979d3f41079b6f4020d6fbc9/jersey-spring3-2.25.1.jar:/home/alex/.gradle/caches/modules-2/files-2.1/org.springframework/spring-webmvc/4.3.12.RELEASE/986e5dcd4435e780f6be64f8185eaa51523cf851/spring-webmvc-4.3.12.RELEASE.jar:/home/alex/.gradle/caches/modules-2/files-2.1/org.springframework/spring-web/4.3.12.RELEASE/86c29588cca74d0fc848b194cb13fcdfd12bc990/spring-web-4.3.12.RELEASE.jar:/home/alex/.gradle/caches/modules-2/files-2.1/org.glassfish.jersey.containers/jersey-container-servlet/2.25.1/cf5f7a76fcea38158b890ab7a0142d4db709a882/jersey-container-servlet-2.25.1.jar:/home/alex/.gradle/caches/modules-2/files-2.1/org.glassfish.jersey.containers/jersey-container-servlet-core/2.25.1/400e30bb035a0cdf3c554530224141ce659a0d1e/jersey-container-servlet-core-2.25.1.jar:/home/alex/.gradle/caches/modules-2/files-2.1/org.glassfish.jersey.ext/jersey-bean-validation/2.25.1/1971927d79cad0ad2b5a3bfda24967748a2023d/jersey-bean-validation-2.25.1.jar:/home/alex/.gradle/caches/modules-2/files-2.1/org.glassfish.jersey.core/jersey-server/2.25.1/276e2ee0fd1cdabf99357fce560c5baab675b1a2/jersey-server-2.25.1.jar:/home/alex/.gradle/caches/modules-2/files-2.1/org.glassfish.hk2/hk2/2.5.0-b32/c3accae585955e49c771d464899e906ecc9ffb4/hk2-2.5.0-b32.jar:/home/alex/.gradle/caches/modules-2/files-2.1/org.glassfish.hk2/config-types/2.5.0-b32/686bbe7f80b1b879d64c06bc6606c97721a795f2/config-types-2.5.0-b32.jar:/home/alex/.gradle/caches/modules-2/files-2.1/org.glassfish.hk2/hk2-config/2.5.0-b32/dce05ac4225dbc0c1c382ad02e3b5bee51f0168a/hk2-config-2.5.0-b32.jar:/home/alex/.gradle/caches/modules-2/files-2.1/org.hibernate/hibernate-validator/5.3.5.Final/622a9bcef2eed6d41b5b8e0662c36212009e375/hibernate-validator-5.3.5.Final.jar:/home/alex/.gradle/caches/modules-2/files-2.1/org.springframework.boot/spring-boot-test-autoconfigure/1.5.8.RELEASE/a8f986cc4b6ecef1417fe50c20984f12f54d15cc/spring-boot-test-autoconfigure-1.5.8.RELEASE.jar:/home/alex/.gradle/caches/modules-2/files-2.1/org.springframework.boot/spring-boot-test/1.5.8.RELEASE/17dedee86d1a9e9bd409d715fd90650ca1049659/spring-boot-test-1.5.8.RELEASE.jar:/home/alex/.gradle/caches/modules-2/files-2.1/com.jayway.jsonpath/json-path/2.2.0/22290d17944bd239fabf5ac69005a60a7ecbbbcb/json-path-2.2.0.jar:/home/alex/.gradle/caches/modules-2/files-2.1/junit/junit/4.12/2973d150c0dc1fefe998f834810d68f278ea58ec/junit-4.12.jar:/home/alex/.gradle/caches/modules-2/files-2.1/org.assertj/assertj-core/2.6.0/b532c3fc4f66bcfee4989a3514f1cd56203a33ad/assertj-core-2.6.0.jar:/home/alex/.gradle/caches/modules-2/files-2.1/org.mockito/mockito-core/1.10.19/e8546f5bef4e061d8dd73895b4e8f40e3fe6effe/mockito-core-1.10.19.jar:/home/alex/.gradle/caches/modules-2/files-2.1/org.hamcrest/hamcrest-library/1.3/4785a3c21320980282f9f33d0d1264a69040538f/hamcrest-library-1.3.jar:/home/alex/.gradle/caches/modules-2/files-2.1/org.hamcrest/hamcrest-core/1.3/42a25dc3219429f0e5d060061f71acb49bf010a0/hamcrest-core-1.3.jar:/home/alex/.gradle/caches/modules-2/files-2.1/org.skyscreamer/jsonassert/1.4.0/9cdbb373a06f6513e51e8c545ee6a5e981463edb/jsonassert-1.4.0.jar:/home/alex/.gradle/caches/modules-2/files-2.1/org.springframework/spring-test/4.3.12.RELEASE/825a7ac1014528db722a6cc94cceaef2410cb314/spring-test-4.3.12.RELEASE.jar:/home/alex/.gradle/caches/modules-2/files-2.1/org.springframework.boot/spring-boot-autoconfigure/1.5.8.RELEASE/e4f2efa4c319f4e3613d94fbccfdb5ccda6873e3/spring-boot-autoconfigure-1.5.8.RELEASE.jar:/home/alex/.gradle/caches/modules-2/files-2.1/org.springframework.boot/spring-boot/1.5.8.RELEASE/748ebde51761e12627ad23d064024f342b18f9b4/spring-boot-1.5.8.RELEASE.jar:/home/alex/.gradle/caches/modules-2/files-2.1/org.apache.camel/camel-spring/2.20.0/3a77165de80e3e535263a2a7dcbfd5248a289c3a/camel-spring-2.20.0.jar:/home/alex/.gradle/caches/modules-2/files-2.1/org.glassfish.hk2/spring-bridge/2.5.0-b32/f38ecef23edc769942a95c062efd63541044de42/spring-bridge-2.5.0-b32.jar:/home/alex/.gradle/caches/modules-2/files-2.1/org.springframework/spring-context/4.3.12.RELEASE/5e6d26f36636f36b7efec1d6a0c5991284fbd95b/spring-context-4.3.12.RELEASE.jar:/home/alex/.gradle/caches/modules-2/files-2.1/org.springframework/spring-expression/4.3.12.RELEASE/790f69f6ad7f9da8d4a92c603ad7244c398c8309/spring-expression-4.3.12.RELEASE.jar:/home/alex/.gradle/caches/modules-2/files-2.1/org.springframework/spring-tx/4.3.12.RELEASE/7147b6839b2bf9db3621b79c73b4dddbe69572b6/spring-tx-4.3.12.RELEASE.jar:/home/alex/.gradle/caches/modules-2/files-2.1/org.springframework/spring-aop/4.3.12.RELEASE/b3fef085902993c2ef874c45c7bfd79296d5a5a4/spring-aop-4.3.12.RELEASE.jar:/home/alex/.gradle/caches/modules-2/files-2.1/org.springframework/spring-beans/4.3.12.RELEASE/547dd432d47d0f01d9ccbedc4b705f9f7c1240a/spring-beans-4.3.12.RELEASE.jar:/home/alex/.gradle/caches/modules-2/files-2.1/org.springframework/spring-core/4.3.12.RELEASE/4cebc69478c6d350dbd5af28e3db7d5694f416e3/spring-core-4.3.12.RELEASE.jar:/home/alex/.gradle/caches/modules-2/files-2.1/org.springframework.boot/spring-boot-starter-logging/1.5.8.RELEASE/ebc00a0e46753d90431fdcc5e3d6b9fd3bf1564a/spring-boot-starter-logging-1.5.8.RELEASE.jar:/home/alex/.gradle/caches/modules-2/files-2.1/org.yaml/snakeyaml/1.17/7a27ea250c5130b2922b86dea63cbb1cc10a660c/snakeyaml-1.17.jar:/home/alex/.gradle/caches/modules-2/files-2.1/org.apache.camel/camel-core/2.20.0/c2c32396575550722d37fbccee73a06dbad1d6f6/camel-core-2.20.0.jar:/home/alex/.gradle/caches/modules-2/files-2.1/org.apache.tomcat.embed/tomcat-embed-websocket/8.5.23/52f07abcae10dc7e1764304b0877def175c2c833/tomcat-embed-websocket-8.5.23.jar:/home/alex/.gradle/caches/modules-2/files-2.1/org.apache.tomcat.embed/tomcat-embed-core/8.5.23/79261793a47f507890ee08f749b9d81774e4f7f0/tomcat-embed-core-8.5.23.jar:/home/alex/.gradle/caches/modules-2/files-2.1/org.apache.tomcat.embed/tomcat-embed-el/8.5.23/98d979cde444dffa6d434c8377d0123b2dfa614c/tomcat-embed-el-8.5.23.jar:/home/alex/.gradle/caches/modules-2/files-2.1/com.fasterxml.jackson.core/jackson-annotations/2.8.0/45b426f7796b741035581a176744d91090e2e6fb/jackson-annotations-2.8.0.jar:/home/alex/.gradle/caches/modules-2/files-2.1/com.fasterxml.jackson.core/jackson-core/2.8.10/eb21a035c66ad307e66ec8fce37f5d50fd62d039/jackson-core-2.8.10.jar:/home/alex/.gradle/caches/modules-2/files-2.1/org.glassfish.jersey.core/jersey-client/2.25.1/4d563b1f93352ee9fad597e9e1daf2c6159993c6/jersey-client-2.25.1.jar:/home/alex/.gradle/caches/modules-2/files-2.1/org.glassfish.jersey.media/jersey-media-jaxb/2.25.1/d7da0beeed5614a3bfd882662faec602699e24b/jersey-media-jaxb-2.25.1.jar:/home/alex/.gradle/caches/modules-2/files-2.1/org.glassfish.jersey.core/jersey-common/2.25.1/2438ce68d4907046095ab54aa83a6092951b4bbb/jersey-common-2.25.1.jar:/home/alex/.gradle/caches/modules-2/files-2.1/org.glassfish.jersey.ext/jersey-entity-filtering/2.25.1/4a5805060f796ec2c9bb1ba0ce91c1db6d889524/jersey-entity-filtering-2.25.1.jar:/home/alex/.gradle/caches/modules-2/files-2.1/javax.ws.rs/javax.ws.rs-api/2.0.1/104e9c2b5583cfcfeac0402316221648d6d8ea6b/javax.ws.rs-api-2.0.1.jar:/home/alex/.gradle/caches/modules-2/files-2.1/javax.annotation/javax.annotation-api/1.2/479c1e06db31c432330183f5cae684163f186146/javax.annotation-api-1.2.jar:/home/alex/.gradle/caches/modules-2/files-2.1/org.glassfish.hk2/hk2-core/2.5.0-b32/8cb6a8a9522ec523b7740d29f555bdbe9d936af2/hk2-core-2.5.0-b32.jar:/home/alex/.gradle/caches/modules-2/files-2.1/org.glassfish.hk2/hk2-runlevel/2.5.0-b32/60dc979763ea885e796cba4d3e322af8d500ba74/hk2-runlevel-2.5.0-b32.jar:/home/alex/.gradle/caches/modules-2/files-2.1/org.glassfish.hk2/hk2-locator/2.5.0-b32/195474f8ad0a8d130e9ea949a771bcf1215fc33b/hk2-locator-2.5.0-b32.jar:/home/alex/.gradle/caches/modules-2/files-2.1/org.glassfish.hk2/hk2-api/2.5.0-b32/6a576c9653832ce610b80a2f389374ef19d96171/hk2-api-2.5.0-b32.jar:/home/alex/.gradle/caches/modules-2/files-2.1/org.glassfish.hk2.external/javax.inject/2.5.0-b32/b2fa50c8186a38728c35fe6a9da57ce4cc806923/javax.inject-2.5.0-b32.jar:/home/alex/.gradle/caches/modules-2/files-2.1/javax.validation/validation-api/1.1.0.Final/8613ae82954779d518631e05daa73a6a954817d5/validation-api-1.1.0.Final.jar:/home/alex/.gradle/caches/modules-2/files-2.1/org.jboss.logging/jboss-logging/3.3.1.Final/c46217ab74b532568c0ed31dc599db3048bd1b67/jboss-logging-3.3.1.Final.jar:/home/alex/.gradle/caches/modules-2/files-2.1/com.fasterxml/classmate/1.3.4/3d5f48f10bbe4eb7bd862f10c0583be2e0053c6/classmate-1.3.4.jar:/home/alex/.gradle/caches/modules-2/files-2.1/net.minidev/json-smart/2.2.1/5b9e5df7a62d1279b70dc882b041d249c4f0b002/json-smart-2.2.1.jar:/home/alex/.gradle/caches/modules-2/files-2.1/ch.qos.logback/logback-classic/1.1.11/ccedfbacef4a6515d2983e3f89ed753d5d4fb665/logback-classic-1.1.11.jar:/home/alex/.gradle/caches/modules-2/files-2.1/org.slf4j/jcl-over-slf4j/1.7.25/f8c32b13ff142a513eeb5b6330b1588dcb2c0461/jcl-over-slf4j-1.7.25.jar:/home/alex/.gradle/caches/modules-2/files-2.1/org.slf4j/jul-to-slf4j/1.7.25/af5364cd6679bfffb114f0dec8a157aaa283b76/jul-to-slf4j-1.7.25.jar:/home/alex/.gradle/caches/modules-2/files-2.1/org.slf4j/log4j-over-slf4j/1.7.25/a87bb47468f47ee7aabbd54f93e133d4215769c3/log4j-over-slf4j-1.7.25.jar:/home/alex/.gradle/caches/modules-2/files-2.1/org.slf4j/slf4j-api/1.7.25/da76ca59f6a57ee3102f8f9bd9cee742973efa8a/slf4j-api-1.7.25.jar:/home/alex/.gradle/caches/modules-2/files-2.1/org.objenesis/objenesis/2.1/87c0ea803b69252868d09308b4618f766f135a96/objenesis-2.1.jar:/home/alex/.gradle/caches/modules-2/files-2.1/com.vaadin.external.google/android-json/0.0.20131108.vaadin1/fa26d351fe62a6a17f5cda1287c1c6110dec413f/android-json-0.0.20131108.vaadin1.jar:/home/alex/.gradle/caches/modules-2/files-2.1/com.sun.xml.bind/jaxb-core/2.2.11/c3f87d654f8d5943cd08592f3f758856544d279a/jaxb-core-2.2.11.jar:/home/alex/.gradle/caches/modules-2/files-2.1/com.sun.xml.bind/jaxb-impl/2.2.11/a49ce57aee680f9435f49ba6ef427d38c93247a6/jaxb-impl-2.2.11.jar:/home/alex/.gradle/caches/modules-2/files-2.1/org.apache.tomcat/tomcat-annotations-api/8.5.23/aaf17df9fe0240e9e9d5375d24d5f177174b73d9/tomcat-annotations-api-8.5.23.jar:/home/alex/.gradle/caches/modules-2/files-2.1/org.glassfish.jersey.bundles.repackaged/jersey-guava/2.25.1/a2bb4f8208e134cf2cf71dfb8824e42942f7bd06/jersey-guava-2.25.1.jar:/home/alex/.gradle/caches/modules-2/files-2.1/org.glassfish.hk2/osgi-resource-locator/1.0.1/4ed2b2d4738aed5786cfa64cba5a332779c4c708/osgi-resource-locator-1.0.1.jar:/home/alex/.gradle/caches/modules-2/files-2.1/org.glassfish.hk2/hk2-utils/2.5.0-b32/5108a926988c4ceda7f1e681dddfe3101454a002/hk2-utils-2.5.0-b32.jar:/home/alex/.gradle/caches/modules-2/files-2.1/org.glassfish.hk2.external/aopalliance-repackaged/2.5.0-b32/6af37c3f8ec6f9e9653ec837eb508da28ce443cd/aopalliance-repackaged-2.5.0-b32.jar:/home/alex/.gradle/caches/modules-2/files-2.1/org.javassist/javassist/3.21.0-GA/598244f595db5c5fb713731eddbb1c91a58d959b/javassist-3.21.0-GA.jar:/home/alex/.gradle/caches/modules-2/files-2.1/org.glassfish.hk2/class-model/2.5.0-b32/17f054f3e91898c0c0fc52163ad904b13c24e8b/class-model-2.5.0-b32.jar:/home/alex/.gradle/caches/modules-2/files-2.1/net.minidev/accessors-smart/1.1/a527213f2fea112a04c9bdf0ec0264e34104cd08/accessors-smart-1.1.jar:/home/alex/.gradle/caches/modules-2/files-2.1/ch.qos.logback/logback-core/1.1.11/88b8df40340eed549fb07e2613879bf6b006704d/logback-core-1.1.11.jar:/home/alex/.gradle/caches/modules-2/files-2.1/org.glassfish.hk2.external/asm-all-repackaged/2.5.0-b32/dc705f1d54cd5a96cbc5a473525e75ef1cb59a9e/asm-all-repackaged-2.5.0-b32.jar:/home/alex/.gradle/caches/modules-2/files-2.1/org.ow2.asm/asm/5.0.3/dcc2193db20e19e1feca8b1240dbbc4e190824fa/asm-5.0.3.jar, user.name=alex, java.vm.specification.version=1.8, sun.java.command=worker.org.gradle.process.internal.worker.GradleWorkerMain 'Gradle Test Executor 1', java.home=/home/alex/.sdkman/candidates/java/8u131-zulu/jre, sun.arch.data.model=64, user.language=en, java.specification.vendor=Oracle Corporation, awt.toolkit=sun.awt.X11.XToolkit, java.vm.info=mixed mode, java.version=1.8.0_131, java.ext.dirs=/home/alex/.sdkman/candidates/java/8u131-zulu/jre/lib/ext:/usr/java/packages/lib/ext, sun.boot.class.path=/home/alex/.sdkman/candidates/java/8u131-zulu/jre/lib/resources.jar:/home/alex/.sdkman/candidates/java/8u131-zulu/jre/lib/rt.jar:/home/alex/.sdkman/candidates/java/8u131-zulu/jre/lib/sunrsasign.jar:/home/alex/.sdkman/candidates/java/8u131-zulu/jre/lib/jsse.jar:/home/alex/.sdkman/candidates/java/8u131-zulu/jre/lib/jce.jar:/home/alex/.sdkman/candidates/java/8u131-zulu/jre/lib/charsets.jar:/home/alex/.sdkman/candidates/java/8u131-zulu/jre/lib/jfr.jar:/home/alex/.sdkman/candidates/java/8u131-zulu/jre/classes, java.vendor=Azul Systems, Inc., org.gradle.test.worker=1, file.separator=/, java.vendor.url.bug=http://www.azulsystems.com/support/, sun.io.unicode.encoding=UnicodeLittle, sun.cpu.endian=little, sun.cpu.isalist=}}, SystemEnvironmentPropertySource@1989356648 {name='systemEnvironment', properties={PATH=/usr/local/heroku/bin:/home/alex/.nvm/versions/node/v8.2.1/bin:/home/alex/.sdkman/candidates/java/current/bin:/home/alex/.sdkman/candidates/groovy/current/bin:/home/alex/.sdkman/candidates/gradle/current/bin:/home/alex/.basher/cellar/bin:/home/alex/.basher/bin:/home/alex/.rvm/gems/ruby-2.3.0/bin:/home/alex/.rvm/gems/ruby-2.3.0@global/bin:/home/alex/.rvm/rubies/ruby-2.3.0/bin:/home/alex/.rvm/gems/ruby-2.3.0/bin:/home/alex/.rvm/gems/ruby-2.3.0@global/bin:/home/alex/.rvm/rubies/ruby-2.3.0/bin:/usr/local/heroku/bin:/usr/local/sbin:/usr/local/bin:/usr/sbin:/usr/bin:/sbin:/bin:/usr/games:/usr/local/games:/home/alex/Development/activator-dist-1.3.7:$GRADLE_HOME/bin:/home/alex/.rvm/bin:/home/alex/.rvm/bin, IRBRC=/home/alex/.rvm/rubies/ruby-2.3.0/.irbrc, rvm_silent_flag=, SDKMAN_VERSION=5.5.1+179, rvm_quiet_flag=, DBUS_SESSION_BUS_ADDRESS=unix:abstract=/tmp/dbus-X1Rk59V9hr,guid=09a737dd7c41299bc04d4e8459f2733e, DEFAULTS_PATH=/usr/share/gconf//usr/share/xsessions/i3.default.path, AUTOJUMP_SOURCED=1, SSH_AGENT_PID=2171, COLORTERM=rxvt-xpm, LD_LIBRARY_PATH=:/home/alex/Development/instantclient_12_1, rvm_ruby_make_install=, rvm_niceness=, LC_PAPER=pt_BR.UTF-8, SDKMAN_DIR=/home/alex/.sdkman, rvm_version=1.27.0 (latest), PWD=/home/alex/Development/camel-route-spy, WINDOWID=39845898, NVM_CD_FLAGS=-q, PAGER=less, rvm_hook=, rvm_wrapper_name=, MY_RUBY_HOME=/home/alex/.rvm/rubies/ruby-2.3.0, rvm_nightly_flag=, ZSH=/home/alex/.antigen/repos/https-COLON--SLASH--SLASH-github.com-SLASH-robbyrussell-SLASH-oh-my-zsh.git, rvm_path=/home/alex/.rvm, LC_CTYPE=en_US.UTF-8, SHLVL=2, JAVA_HOME=/home/alex/.sdkman/candidates/java/current, TERM=rxvt-unicode-256color, XDG_CONFIG_DIRS=/etc/xdg/xdg-/usr/share/xsessions/i3:/etc/xdg:/usr/share/kubuntu-default-settings/kf5-settings, XDG_SEAT_PATH=/org/freedesktop/DisplayManager/Seat0, XDG_SESSION_ID=2, UPDATE_ZSH_DAYS=13, GRADLE_HOME=/home/alex/.sdkman/candidates/gradle/current, rvm_script_name=, GROOVY_HOME=/home/alex/.sdkman/candidates/groovy/current, rvm_ruby_make=, rvm_docs_type=, ANTIGEN_DEFAULT_REPO_URL=https://github.com/robbyrussell/oh-my-zsh.git, LC_NAME=pt_BR.UTF-8, XDG_SESSION_CLASS=user, _=/home/alex/.sdkman/candidates/gradle/current/bin/gradle, ZSH_CACHE_DIR=/home/alex/.antigen/repos/https-COLON--SLASH--SLASH-github.com-SLASH-robbyrussell-SLASH-oh-my-zsh.git/cache/, DESKTOP_SESSION=/usr/share/xsessions/i3, DESKTOP_STARTUP_ID=i3/~|.config|i3|shell/2060-4-alex-kubuntu_TIME2787474, QT_ACCESSIBILITY=1, rvm_ruby_bits=, rvm_alias_expanded=, GEM_PATH=/home/alex/.rvm/gems/ruby-2.3.0:/home/alex/.rvm/gems/ruby-2.3.0@global, NLSPATH=/usr/dt/lib/nls/msg/%L/%N.cat, NVM_BIN=/home/alex/.nvm/versions/node/v8.2.1/bin, LC_MEASUREMENT=pt_BR.UTF-8, XAUTHORITY=/home/alex/.Xauthority, LC_TELEPHONE=pt_BR.UTF-8, XDG_DATA_DIRS=/usr/share//usr/share/xsessions/i3:/usr/local/share/:/usr/share/:/var/lib/snapd/desktop, MANDATORY_PATH=/usr/share/gconf//usr/share/xsessions/i3.mandatory.path, LC_TIME=pt_BR.UTF-8, rvm_bin_flag=, XDG_CURRENT_DESKTOP=i3, rvm_ruby_mode=, QT_LINUX_ACCESSIBILITY_ALWAYS_ON=1, LOGNAME=alex, KEYTIMEOUT=1, PAM_KWALLET5_LOGIN=/tmp/kwallet5_alex.socket, BASHER_ROOT=/home/alex/.basher, rvm_proxy=, SHELL=/usr/bin/zsh, LC_ADDRESS=pt_BR.UTF-8, rvm_sdk=, OLDPWD=/home/alex/.sdkman/candidates/gradle/current, GEM_HOME=/home/alex/.rvm/gems/ruby-2.3.0, rvm_use_flag=, RUBY_VERSION=ruby-2.3.0, _system_name=Ubuntu, XDG_SESSION_PATH=/org/freedesktop/DisplayManager/Session1, LESS=-R, COLORFGBG=11;default;8, XDG_SESSION_DESKTOP=i3, SDKMAN_CURRENT_API=https://api.sdkman.io/2, AUTOJUMP_ERROR_PATH=/home/alex/.local/share/autojump/errors.log, LC_IDENTIFICATION=pt_BR.UTF-8, rvm_gemstone_package_file=, PAM_KWALLET_LOGIN=/tmp/kwallet_alex.socket, LC_MONETARY=pt_BR.UTF-8, _system_arch=x86_64, rvm_bin_path=/home/alex/.rvm/bin, rvm_only_path_flag=, XFILESEARCHPATH=/usr/dt/app-defaults/%L/Dt, rvm_prefix=/home/alex, LANG=en_US.UTF-8, XDG_SESSION_TYPE=x11, DISPLAY=:0, rvm_gemstone_url=, ADOTDIR=/home/alex/.antigen, ORACLE_HOME=/home/alex/Development/instantclient_12_1, SDKMAN_CANDIDATES_DIR=/home/alex/.sdkman/candidates, SDKMAN_LEGACY_API=https://api.sdkman.io/1, NVM_DIR=/home/alex/.nvm, _system_type=Linux, LSCOLORS=Gxfxcxdxbxegedabagacad, GPG_AGENT_INFO=/home/alex/.gnupg/S.gpg-agent:0:1, SDKMAN_PLATFORM=Linux, _system_version=16.04, USER=alex, rvm_ruby_file=, LC_NUMERIC=pt_BR.UTF-8, SSH_AUTH_SOCK=/tmp/ssh-Cq1ux7yA9apC/agent.2060, XDG_SEAT=seat0, XDG_VTNR=7, XDG_RUNTIME_DIR=/run/user/1000, BASHER_SHELL=zsh, HOME=/home/alex}}]
23:10:29.292 [Test worker] DEBUG org.springframework.core.env.MutablePropertySources - Adding PropertySource 'inline' with highest search precedence
23:10:29.303 [Test worker] DEBUG org.springframework.test.context.support.TestPropertySourceUtils - Adding inlined properties to environment: {spring.jmx.enabled=false, org.springframework.boot.test.context.SpringBootTestContextBootstrapper=true, server.port=-1}
23:10:29.304 [Test worker] DEBUG org.springframework.core.env.StandardEnvironment - Adding PropertySource 'Inlined Test Properties' with highest search precedence

  .   ____          _            __ _ _
 /\\ / ___'_ __ _ _(_)_ __  __ _ \ \ \ \
( ( )\___ | '_ | '_| | '_ \/ _` | \ \ \ \
 \\/  ___)| |_)| | | | | || (_| |  ) ) ) )
  '  |____| .__|_| |_|_| |_\__, | / / / /
 =========|_|==============|___/=/_/_/_/
 :: Spring Boot ::        (v1.5.8.RELEASE)

2017-10-26 23:10:29.685  INFO 14156 --- [    Test worker] c.a.c.CamelRouteSpyApplicationTests      : Starting CamelRouteSpyApplicationTests on alex-kubuntu with PID 14156 (started by alex in /home/alex/Development/camel-route-spy)
2017-10-26 23:10:29.687  INFO 14156 --- [    Test worker] c.a.c.CamelRouteSpyApplicationTests      : No active profile set, falling back to default profiles: default
2017-10-26 23:10:29.761  INFO 14156 --- [    Test worker] o.s.w.c.s.GenericWebApplicationContext   : Refreshing org.springframework.web.context.support.GenericWebApplicationContext@4887f59f: startup date [Thu Oct 26 23:10:29 BRST 2017]; root of context hierarchy
2017-10-26 23:10:31.526  INFO 14156 --- [    Test worker] f.a.AutowiredAnnotationBeanPostProcessor : JSR-330 'javax.inject.Inject' annotation found and supported for autowiring
2017-10-26 23:10:31.644  INFO 14156 --- [    Test worker] trationDelegate$BeanPostProcessorChecker : Bean 'org.apache.camel.spring.boot.CamelAutoConfiguration' of type [org.apache.camel.spring.boot.CamelAutoConfiguration$$EnhancerBySpringCGLIB$$50466770] is not eligible for getting processed by all BeanPostProcessors (for example: not eligible for auto-proxying)
2017-10-26 23:10:32.654  INFO 14156 --- [    Test worker] s.w.s.m.m.a.RequestMappingHandlerAdapter : Looking for @ControllerAdvice: org.springframework.web.context.support.GenericWebApplicationContext@4887f59f: startup date [Thu Oct 26 23:10:29 BRST 2017]; root of context hierarchy
2017-10-26 23:10:32.783  INFO 14156 --- [    Test worker] s.w.s.m.m.a.RequestMappingHandlerMapping : Mapped "{[/error],produces=[text/html]}" onto public org.springframework.web.servlet.ModelAndView org.springframework.boot.autoconfigure.web.BasicErrorController.errorHtml(javax.servlet.http.HttpServletRequest,javax.servlet.http.HttpServletResponse)
2017-10-26 23:10:32.785  INFO 14156 --- [    Test worker] s.w.s.m.m.a.RequestMappingHandlerMapping : Mapped "{[/error]}" onto public org.springframework.http.ResponseEntity<java.util.Map<java.lang.String, java.lang.Object>> org.springframework.boot.autoconfigure.web.BasicErrorController.error(javax.servlet.http.HttpServletRequest)
2017-10-26 23:10:32.880  INFO 14156 --- [    Test worker] o.s.w.s.handler.SimpleUrlHandlerMapping  : Mapped URL path [/webjars/**] onto handler of type [class org.springframework.web.servlet.resource.ResourceHttpRequestHandler]
2017-10-26 23:10:32.881  INFO 14156 --- [    Test worker] o.s.w.s.handler.SimpleUrlHandlerMapping  : Mapped URL path [/**] onto handler of type [class org.springframework.web.servlet.resource.ResourceHttpRequestHandler]
2017-10-26 23:10:32.998  INFO 14156 --- [    Test worker] o.s.w.s.handler.SimpleUrlHandlerMapping  : Mapped URL path [/**/favicon.ico] onto handler of type [class org.springframework.web.servlet.resource.ResourceHttpRequestHandler]
2017-10-26 23:10:33.503  WARN 14156 --- [    Test worker] o.a.c.i.DefaultCamelBeanPostProcessor    : No CamelContext defined yet so cannot inject into bean: routesHealthCheckRepository
2017-10-26 23:10:33.718  INFO 14156 --- [    Test worker] o.a.c.i.converter.DefaultTypeConverter   : Type converters loaded (core: 192, classpath: 1)
2017-10-26 23:10:34.828  INFO 14156 --- [    Test worker] o.a.camel.spring.boot.RoutesCollector    : Loading additional Camel XML routes from: classpath:camel/*.xml
2017-10-26 23:10:34.829  INFO 14156 --- [    Test worker] o.a.camel.spring.boot.RoutesCollector    : Loading additional Camel XML rests from: classpath:camel-rest/*.xml
2017-10-26 23:10:34.843  INFO 14156 --- [    Test worker] o.a.camel.spring.SpringCamelContext      : Apache Camel 2.20.0 (CamelContext: camel-1) is starting
2017-10-26 23:10:34.844  INFO 14156 --- [    Test worker] o.a.c.m.ManagedManagementStrategy        : JMX is enabled
2017-10-26 23:10:34.990  INFO 14156 --- [    Test worker] o.a.camel.spring.SpringCamelContext      : StreamCaching is not in use. If using streams then its recommended to enable stream caching. See more details at http://camel.apache.org/stream-caching.html
2017-10-26 23:10:34.992  INFO 14156 --- [    Test worker] o.a.camel.spring.SpringCamelContext      : Total 0 routes, of which 0 are started
2017-10-26 23:10:34.993  INFO 14156 --- [    Test worker] o.a.camel.spring.SpringCamelContext      : Apache Camel 2.20.0 (CamelContext: camel-1) started in 0.150 seconds
2017-10-26 23:10:35.001  INFO 14156 --- [    Test worker] c.a.c.CamelRouteSpyApplicationTests      : Started CamelRouteSpyApplicationTests in 5.686 seconds (JVM running for 6.792)
]]></system-out>
  <system-err><![CDATA[]]></system-err>
</testsuite>
